<?xml version="1.0" encoding="UTF-8"?>
<!-- Generated by org.testng.reporters.JUnitReportReporter -->
<testsuite hostname="DESKTOP-JG074OP" failures="0" tests="1" name="php.travels.TestRgistrationPage" time="7.394" errors="0" timestamp="2021-05-28T00:59:56 EET" skipped="0">
  <testcase classname="php.travels.TestRgistrationPage" name="regTest" time="7.394"/>
  <system-out/>
</testsuite> <!-- php.travels.TestRgistrationPage -->
